2025-04-12 11:35:37 [INFO] [dahao:dahao.py:116] 找到窗口: 墨迹大侠-波浪1
2025-04-12 11:41:12 [INFO] [dahao:dahao.py:120] 找到窗口: 墨迹大侠-波浪1
2025-04-12 11:41:13 [INFO] [dahao:dahao.py:63] 桃花谷
2025-04-12 11:41:13 [INFO] [dahao:dahao.py:63] 杏花村
2025-04-12 11:41:19 [INFO] [dahao:dahao.py:120] 找到窗口: 墨迹大侠-波浪1
2025-04-12 11:41:20 [INFO] [dahao:dahao.py:63] 桃花谷
2025-04-12 11:41:20 [INFO] [dahao:dahao.py:63] 杏花村
2025-04-12 11:41:26 [INFO] [dahao:dahao.py:120] 找到窗口: 墨迹大侠-波浪1
2025-04-12 11:41:27 [INFO] [dahao:dahao.py:63] 桃花谷
2025-04-12 11:41:27 [INFO] [dahao:dahao.py:63] 杏花村
2025-04-12 11:59:27 [INFO] [dahao:dahao.py:122] 找到窗口: 墨迹大侠-波浪1
2025-04-12 11:59:28 [INFO] [dahao:dahao.py:65] 杏花村
2025-04-12 11:59:28 [INFO] [dahao:dahao.py:65] 桃花谷
2025-04-12 12:05:51 [INFO] [dahao:dahao.py:121] 找到窗口: 墨迹大侠-波浪1
2025-04-12 12:05:53 [INFO] [dahao:dahao.py:64] 杏花村
2025-04-12 12:05:53 [INFO] [dahao:dahao.py:64] 桃花谷
2025-04-12 12:05:58 [INFO] [dahao:dahao.py:121] 找到窗口: 墨迹大侠-波浪1
2025-04-12 12:06:00 [INFO] [dahao:dahao.py:64] 杏花村
2025-04-12 12:06:00 [INFO] [dahao:dahao.py:64] 桃花谷
2025-04-12 12:06:05 [INFO] [dahao:dahao.py:121] 找到窗口: 墨迹大侠-波浪1
2025-04-12 12:06:06 [INFO] [dahao:dahao.py:64] 杏花村
2025-04-12 12:06:06 [INFO] [dahao:dahao.py:64] 桃花谷
2025-04-12 12:06:12 [INFO] [dahao:dahao.py:121] 找到窗口: 墨迹大侠-波浪1
2025-04-12 12:06:13 [INFO] [dahao:dahao.py:64] 杏花村
2025-04-12 12:06:13 [INFO] [dahao:dahao.py:64] 桃花谷
2025-04-12 12:06:19 [INFO] [dahao:dahao.py:121] 找到窗口: 墨迹大侠-波浪1
2025-04-12 12:06:20 [INFO] [dahao:dahao.py:64] 杏花村
2025-04-12 12:06:20 [INFO] [dahao:dahao.py:64] 桃花谷
2025-04-12 12:06:26 [INFO] [dahao:dahao.py:121] 找到窗口: 墨迹大侠-波浪1
2025-04-12 12:06:27 [INFO] [dahao:dahao.py:64] 杏花村
2025-04-12 12:06:27 [INFO] [dahao:dahao.py:64] 桃花谷
2025-04-12 12:06:36 [INFO] [dahao:dahao.py:121] 找到窗口: 墨迹大侠-波浪1
2025-04-12 12:06:37 [INFO] [dahao:dahao.py:64] 杏花村
2025-04-12 12:06:37 [INFO] [dahao:dahao.py:64] 桃花谷
2025-04-12 12:08:05 [INFO] [dahao:dahao.py:121] 找到窗口: 墨迹大侠
2025-04-12 12:08:06 [INFO] [dahao:dahao.py:64] 杏花村
2025-04-12 12:08:06 [INFO] [dahao:dahao.py:64] 桃花谷
2025-04-12 12:08:12 [INFO] [dahao:dahao.py:121] 找到窗口: 墨迹大侠
2025-04-12 12:08:13 [INFO] [dahao:dahao.py:64] 杏花村
2025-04-12 12:08:13 [INFO] [dahao:dahao.py:64] 桃花谷
2025-04-12 12:08:19 [INFO] [dahao:dahao.py:121] 找到窗口: 墨迹大侠
2025-04-12 12:08:20 [INFO] [dahao:dahao.py:64] 杏花村
2025-04-12 12:08:20 [INFO] [dahao:dahao.py:64] 桃花谷
2025-04-12 21:02:09 [INFO] [dahao:dahao.py:142] 找到窗口: 墨迹大侠-波浪7
2025-04-12 21:02:10 [INFO] [dahao:dahao.py:65] 杏花村
2025-04-12 21:02:10 [INFO] [dahao:dahao.py:65] 桃花谷
2025-04-12 21:04:17 [INFO] [dahao:dahao.py:142] 找到窗口: 墨迹大侠-波浪7
2025-04-12 21:04:18 [INFO] [dahao:dahao.py:65] 杏花村
2025-04-12 21:04:18 [INFO] [dahao:dahao.py:65] 桃花谷
2025-04-12 21:06:42 [INFO] [dahao:dahao.py:143] 找到窗口: 墨迹大侠-波浪7
2025-04-12 21:06:43 [INFO] [dahao:dahao.py:66] 桃花谷
2025-04-12 21:06:43 [INFO] [dahao:dahao.py:66] 杏花村
2025-04-12 21:06:46 [INFO] [dahao:dahao.py:66] 桃花谷
2025-04-12 21:06:46 [INFO] [dahao:dahao.py:66] 杏花村
2025-04-12 21:08:37 [INFO] [dahao:dahao.py:143] 找到窗口: 墨迹大侠-波浪7
2025-04-12 21:08:38 [INFO] [dahao:dahao.py:66] 杏花村
2025-04-12 21:08:38 [INFO] [dahao:dahao.py:66] 桃花谷
2025-04-12 21:08:41 [INFO] [dahao:dahao.py:66] 杏花村
2025-04-12 21:08:41 [INFO] [dahao:dahao.py:66] 桃花谷
2025-04-12 21:09:41 [INFO] [dahao:dahao.py:143] 找到窗口: 墨迹大侠-波浪7
2025-04-12 21:09:42 [INFO] [dahao:dahao.py:66] 杏花村
2025-04-12 21:09:42 [INFO] [dahao:dahao.py:66] 桃花谷
2025-04-12 21:09:45 [INFO] [dahao:dahao.py:66] 杏花村
2025-04-12 21:09:45 [INFO] [dahao:dahao.py:66] 桃花谷
2025-04-12 21:10:32 [INFO] [dahao:dahao.py:144] 找到窗口: 墨迹大侠-波浪7
2025-04-12 21:10:33 [INFO] [dahao:dahao.py:67] 杏花村
2025-04-12 21:10:33 [INFO] [dahao:dahao.py:67] 桃花谷
2025-04-12 21:10:36 [INFO] [dahao:dahao.py:67] 杏花村
2025-04-12 21:10:36 [INFO] [dahao:dahao.py:67] 桃花谷
2025-04-12 21:11:08 [INFO] [dahao:dahao.py:144] 找到窗口: 墨迹大侠-波浪7
2025-04-12 21:11:09 [INFO] [dahao:dahao.py:67] 桃花谷
2025-04-12 21:11:09 [INFO] [dahao:dahao.py:67] 杏花村
2025-04-12 21:11:12 [INFO] [dahao:dahao.py:67] 桃花谷
2025-04-12 21:11:12 [INFO] [dahao:dahao.py:67] 杏花村
2025-04-12 21:11:12 [INFO] [dahao:dahao.py:85] -1
2025-04-12 21:11:12 [INFO] [dahao:dahao.py:86] False
2025-04-12 21:11:16 [INFO] [dahao:dahao.py:67] 桃花谷
2025-04-12 21:11:16 [INFO] [dahao:dahao.py:67] 杏花村
2025-04-12 21:11:16 [INFO] [dahao:dahao.py:85] -1
2025-04-12 21:11:16 [INFO] [dahao:dahao.py:86] False
2025-04-12 21:11:19 [INFO] [dahao:dahao.py:67] 桃花谷
2025-04-12 21:11:19 [INFO] [dahao:dahao.py:67] 杏花村
2025-04-12 21:11:19 [INFO] [dahao:dahao.py:85] -1
2025-04-12 21:11:19 [INFO] [dahao:dahao.py:86] False
